<?xml version="1.0" encoding="UTF-8"?>
<testng-results skipped="0" failed="0" ignored="0" total="1" passed="1">
  <reporter-output>
    <line>
      <![CDATA[yes running]]>
    </line>
    <line>
      <![CDATA[yes runningfggg]]>
    </line>
  </reporter-output>
  <suite name="Default suite" duration-ms="86" started-at="2020-07-01T07:58:03 IST" finished-at="2020-07-01T07:58:03 IST">
    <groups>
    </groups>
    <test name="Default test" duration-ms="86" started-at="2020-07-01T07:58:03 IST" finished-at="2020-07-01T07:58:03 IST">
      <class name="shinepackage.Demo">
        <test-method status="PASS" signature="run()[pri:0, instance:shinepackage.Demo@80503]" name="run" duration-ms="12" started-at="2020-07-01T07:58:03 IST" finished-at="2020-07-01T07:58:03 IST">
          <reporter-output>
            <line>
              <![CDATA[yes running]]>
            </line>
            <line>
              <![CDATA[yes runningfggg]]>
            </line>
          </reporter-output>
        </test-method> <!-- run -->
      </class> <!-- shinepackage.Demo -->
    </test> <!-- Default test -->
  </suite> <!-- Default suite -->
</testng-results>
