<?xml version="1.0" encoding="UTF-8"?>
<testng-results skipped="0" failed="0" ignored="0" total="2" passed="2">
  <reporter-output>
    <line>
      <![CDATA[yes running]]>
    </line>
    <line>
      <![CDATA[yes running]]>
    </line>
    <line>
      <![CDATA[helllo u there]]>
    </line>
    <line>
      <![CDATA[helllo u there]]>
    </line>
  </reporter-output>
  <suite name="Suite" duration-ms="59" started-at="2020-07-04T09:21:01 IST" finished-at="2020-07-04T09:21:01 IST">
    <groups>
    </groups>
    <test name="Test" duration-ms="59" started-at="2020-07-04T09:21:01 IST" finished-at="2020-07-04T09:21:01 IST">
      <class name="shinepackage.Demo">
        <test-method status="PASS" signature="run()[pri:0, instance:shinepackage.Demo@4b553d26]" name="run" duration-ms="10" started-at="2020-07-04T09:21:01 IST" finished-at="2020-07-04T09:21:01 IST">
          <reporter-output>
            <line>
              <![CDATA[yes running]]>
            </line>
            <line>
              <![CDATA[yes running]]>
            </line>
          </reporter-output>
        </test-method> <!-- run -->
      </class> <!-- shinepackage.Demo -->
      <class name="shinepackage.helloworld">
        <test-method status="PASS" signature="world()[pri:0, instance:shinepackage.helloworld@69a3d1d]" name="world" duration-ms="1" started-at="2020-07-04T09:21:01 IST" finished-at="2020-07-04T09:21:01 IST">
          <reporter-output>
            <line>
              <![CDATA[helllo u there]]>
            </line>
            <line>
              <![CDATA[helllo u there]]>
            </line>
          </reporter-output>
        </test-method> <!-- world -->
      </class> <!-- shinepackage.helloworld -->
    </test> <!-- Test -->
  </suite> <!-- Suite -->
</testng-results>
